2024-10-18 10:14:57,472 INFO:스크립트 실행 후 3시간마다 방사선 데이터를 확인하는 스케줄을 시작합니다.
2024-10-18 10:16:57,887 INFO:스크립트 실행 후 3시간마다 방사선 데이터를 확인하는 스케줄을 시작합니다.
2024-10-18 10:16:57,897 INFO:WS 최신 방사선량: 0.086 μSv/h
2024-10-18 10:16:57,898 INFO:WS 방사선량 정상: 0.086 μSv/h
2024-10-18 10:16:57,899 INFO:KR 최신 방사선량: 0.111 μSv/h
2024-10-18 10:16:57,900 INFO:KR 방사선량 정상: 0.111 μSv/h
2024-10-18 10:16:57,900 INFO:YK 최신 방사선량: 0.101 μSv/h
2024-10-18 10:16:57,901 INFO:YK 방사선량 정상: 0.101 μSv/h
2024-10-18 10:16:57,901 INFO:UJ 최신 방사선량: 0.113 μSv/h
2024-10-18 10:16:57,902 INFO:UJ 방사선량 정상: 0.113 μSv/h
2024-10-18 10:16:57,903 INFO:SU 최신 방사선량: 0.096 μSv/h
2024-10-18 10:16:57,903 INFO:SU 방사선량 정상: 0.096 μSv/h
2024-10-18 10:16:59,038 INFO:텔레그램 메시지 전송 성공!
2024-10-18 10:18:31,468 INFO:스크립트 실행 후 3시간마다 방사선 데이터를 확인하는 스케줄을 시작합니다.
2024-10-18 10:18:31,478 INFO:WS 최신 방사선량: 0.086 μSv/h
2024-10-18 10:18:31,479 INFO:WS 방사선량 정상: 0.086 μSv/h
2024-10-18 10:18:31,479 INFO:KR 최신 방사선량: 0.111 μSv/h
2024-10-18 10:18:31,480 INFO:KR 방사선량 정상: 0.111 μSv/h
2024-10-18 10:18:31,480 INFO:YK 최신 방사선량: 0.101 μSv/h
2024-10-18 10:18:31,481 INFO:YK 방사선량 정상: 0.101 μSv/h
2024-10-18 10:18:31,482 INFO:UJ 최신 방사선량: 0.113 μSv/h
2024-10-18 10:18:31,482 INFO:UJ 방사선량 정상: 0.113 μSv/h
2024-10-18 10:18:31,483 INFO:SU 최신 방사선량: 0.096 μSv/h
2024-10-18 10:18:31,483 INFO:SU 방사선량 정상: 0.096 μSv/h
2024-10-18 10:18:32,371 INFO:텔레그램 메시지 전송 성공!
2024-10-18 10:19:00,061 INFO:스크립트 실행 후 3시간마다 방사선 데이터를 확인하는 스케줄을 시작합니다.
2024-10-18 10:19:00,070 INFO:WS 최신 방사선량: 0.086 μSv/h
2024-10-18 10:19:00,071 INFO:WS 방사선량 정상: 0.086 μSv/h
2024-10-18 10:19:00,071 INFO:KR 최신 방사선량: 0.111 μSv/h
2024-10-18 10:19:00,072 INFO:KR 방사선량 정상: 0.111 μSv/h
2024-10-18 10:19:00,072 INFO:YK 최신 방사선량: 0.101 μSv/h
2024-10-18 10:19:00,073 INFO:YK 방사선량 정상: 0.101 μSv/h
2024-10-18 10:19:00,074 INFO:UJ 최신 방사선량: 0.113 μSv/h
2024-10-18 10:19:00,074 INFO:UJ 방사선량 정상: 0.113 μSv/h
2024-10-18 10:19:00,075 INFO:SU 최신 방사선량: 0.096 μSv/h
2024-10-18 10:19:00,075 INFO:SU 방사선량 정상: 0.096 μSv/h
2024-10-18 10:19:00,976 INFO:텔레그램 메시지 전송 성공!
2024-10-18 10:20:15,639 INFO:스크립트 실행 후 3시간마다 방사선 데이터를 확인하는 스케줄을 시작합니다.
2024-10-18 10:20:15,650 INFO:WS 최신 방사선량: 0.086 μSv/h
2024-10-18 10:20:15,650 INFO:WS 방사선량 정상: 0.086 μSv/h
2024-10-18 10:20:15,651 INFO:KR 최신 방사선량: 0.111 μSv/h
2024-10-18 10:20:15,652 INFO:KR 방사선량 정상: 0.111 μSv/h
2024-10-18 10:20:15,652 INFO:YK 최신 방사선량: 0.101 μSv/h
2024-10-18 10:20:15,653 INFO:YK 방사선량 정상: 0.101 μSv/h
2024-10-18 10:20:15,653 INFO:UJ 최신 방사선량: 0.113 μSv/h
2024-10-18 10:20:15,654 INFO:UJ 방사선량 정상: 0.113 μSv/h
2024-10-18 10:20:15,654 INFO:SU 최신 방사선량: 0.096 μSv/h
2024-10-18 10:20:15,654 INFO:SU 방사선량 정상: 0.096 μSv/h
2024-10-18 10:20:16,594 INFO:텔레그램 메시지 전송 성공!
2024-10-18 13:20:18,013 INFO:WS 최신 방사선량: 0.087 μSv/h
2024-10-18 13:20:18,015 INFO:WS 방사선량 정상: 0.087 μSv/h
2024-10-18 13:20:18,016 INFO:KR 최신 방사선량: 0.111 μSv/h
2024-10-18 13:20:18,016 INFO:KR 방사선량 정상: 0.111 μSv/h
2024-10-18 13:20:18,017 INFO:YK 최신 방사선량: 0.1 μSv/h
2024-10-18 13:20:18,018 INFO:YK 방사선량 정상: 0.1 μSv/h
2024-10-18 13:20:18,018 INFO:UJ 최신 방사선량: 0.111 μSv/h
2024-10-18 13:20:18,019 INFO:UJ 방사선량 정상: 0.111 μSv/h
2024-10-18 13:20:18,019 INFO:SU 최신 방사선량: 0.095 μSv/h
2024-10-18 13:20:18,020 INFO:SU 방사선량 정상: 0.095 μSv/h
2024-10-18 13:20:18,965 INFO:텔레그램 메시지 전송 성공!
2024-10-18 13:28:37,659 INFO:스크립트 실행 후 3시간마다 방사선 데이터를 확인하는 스케줄을 시작합니다.
2024-10-18 13:28:37,669 INFO:월성발전소 (경북 경주) 최신 방사선량: 0.088 μSv/h
2024-10-18 13:28:37,670 INFO:월성발전소 (경북 경주) 방사선량 정상: 0.088 μSv/h
2024-10-18 13:28:37,671 INFO:고리발전소 (부산 기장) 최신 방사선량: 0.111 μSv/h
2024-10-18 13:28:37,672 INFO:고리발전소 (부산 기장) 방사선량 정상: 0.111 μSv/h
2024-10-18 13:28:37,672 INFO:한빌발전소 (전남 영광) 최신 방사선량: 0.101 μSv/h
2024-10-18 13:28:37,673 INFO:한빌발전소 (전남 영광) 방사선량 정상: 0.101 μSv/h
2024-10-18 13:28:37,674 INFO:한울발전소 (경북 울진) 최신 방사선량: 0.113 μSv/h
2024-10-18 13:28:37,675 INFO:한울발전소 (경북 울진) 방사선량 정상: 0.113 μSv/h
2024-10-18 13:28:37,675 INFO:새울발전소 (울산 울주) 최신 방사선량: 0.095 μSv/h
2024-10-18 13:28:37,676 INFO:새울발전소 (울산 울주) 방사선량 정상: 0.095 μSv/h
2024-10-18 13:28:38,606 INFO:텔레그램 메시지 전송 성공!
2024-10-18 13:29:49,575 INFO:스크립트 실행 후 3시간마다 방사선 데이터를 확인하는 스케줄을 시작합니다.
2024-10-18 13:29:49,585 INFO:월성발전소 (경북 경주) 최신 방사선량: 0.088 μSv/h
2024-10-18 13:29:49,586 INFO:월성발전소 (경북 경주) 방사선량 정상: 0.088 μSv/h
2024-10-18 13:29:49,587 INFO:고리발전소 (부산 기장) 최신 방사선량: 0.111 μSv/h
2024-10-18 13:29:49,588 INFO:고리발전소 (부산 기장) 방사선량 정상: 0.111 μSv/h
2024-10-18 13:29:49,588 INFO:한빌발전소 (전남 영광) 최신 방사선량: 0.101 μSv/h
2024-10-18 13:29:49,589 INFO:한빌발전소 (전남 영광) 방사선량 정상: 0.101 μSv/h
2024-10-18 13:29:49,590 INFO:한울발전소 (경북 울진) 최신 방사선량: 0.113 μSv/h
2024-10-18 13:29:49,591 INFO:한울발전소 (경북 울진) 방사선량 정상: 0.113 μSv/h
2024-10-18 13:29:49,591 INFO:새울발전소 (울산 울주) 최신 방사선량: 0.095 μSv/h
2024-10-18 13:29:49,592 INFO:새울발전소 (울산 울주) 방사선량 정상: 0.095 μSv/h
2024-10-18 13:29:50,594 INFO:텔레그램 메시지 전송 성공!
2024-10-18 13:30:32,861 INFO:스크립트 실행 후 3시간마다 방사선 데이터를 확인하는 스케줄을 시작합니다.
2024-10-18 13:30:32,871 INFO:월성발전소 (경북 경주) 최신 방사선량: 0.088 μSv/h
2024-10-18 13:30:32,872 INFO:월성발전소 (경북 경주) 방사선량 정상: 0.088 μSv/h
2024-10-18 13:30:32,873 INFO:고리발전소 (부산 기장) 최신 방사선량: 0.111 μSv/h
2024-10-18 13:30:32,873 INFO:고리발전소 (부산 기장) 방사선량 정상: 0.111 μSv/h
2024-10-18 13:30:32,874 INFO:한빛발전소 (전남 영광) 최신 방사선량: 0.101 μSv/h
2024-10-18 13:30:32,875 INFO:한빛발전소 (전남 영광) 방사선량 정상: 0.101 μSv/h
2024-10-18 13:30:32,876 INFO:한울발전소 (경북 울진) 최신 방사선량: 0.113 μSv/h
2024-10-18 13:30:32,876 INFO:한울발전소 (경북 울진) 방사선량 정상: 0.113 μSv/h
2024-10-18 13:30:32,877 INFO:새울발전소 (울산 울주) 최신 방사선량: 0.095 μSv/h
2024-10-18 13:30:32,878 INFO:새울발전소 (울산 울주) 방사선량 정상: 0.095 μSv/h
2024-10-18 13:30:33,775 INFO:텔레그램 메시지 전송 성공!
2024-10-18 16:30:35,047 INFO:월성발전소 (경북 경주) 최신 방사선량: 0.093 μSv/h
2024-10-18 16:30:35,049 INFO:월성발전소 (경북 경주) 방사선량 정상: 0.093 μSv/h
2024-10-18 16:30:35,049 INFO:고리발전소 (부산 기장) 최신 방사선량: 0.113 μSv/h
2024-10-18 16:30:35,050 INFO:고리발전소 (부산 기장) 방사선량 정상: 0.113 μSv/h
2024-10-18 16:30:35,051 INFO:한빛발전소 (전남 영광) 최신 방사선량: 0.1 μSv/h
2024-10-18 16:30:35,052 INFO:한빛발전소 (전남 영광) 방사선량 정상: 0.1 μSv/h
2024-10-18 16:30:35,053 INFO:한울발전소 (경북 울진) 최신 방사선량: 0.116 μSv/h
2024-10-18 16:30:35,054 INFO:한울발전소 (경북 울진) 방사선량 정상: 0.116 μSv/h
2024-10-18 16:30:35,054 INFO:새울발전소 (울산 울주) 최신 방사선량: 0.096 μSv/h
2024-10-18 16:30:35,055 INFO:새울발전소 (울산 울주) 방사선량 정상: 0.096 μSv/h
2024-10-18 16:30:36,014 INFO:텔레그램 메시지 전송 성공!
2024-10-18 19:30:37,217 INFO:월성발전소 (경북 경주) 최신 방사선량: 0.102 μSv/h
2024-10-18 19:30:37,219 INFO:월성발전소 (경북 경주) 방사선량 정상: 0.102 μSv/h
2024-10-18 19:30:37,220 INFO:고리발전소 (부산 기장) 최신 방사선량: 0.113 μSv/h
2024-10-18 19:30:37,221 INFO:고리발전소 (부산 기장) 방사선량 정상: 0.113 μSv/h
2024-10-18 19:30:37,221 INFO:한빛발전소 (전남 영광) 최신 방사선량: 0.091 μSv/h
2024-10-18 19:30:37,222 INFO:한빛발전소 (전남 영광) 방사선량 정상: 0.091 μSv/h
2024-10-18 19:30:37,223 INFO:한울발전소 (경북 울진) 최신 방사선량: 0.13 μSv/h
2024-10-18 19:30:37,224 INFO:한울발전소 (경북 울진) 방사선량 정상: 0.13 μSv/h
2024-10-18 19:30:37,225 INFO:새울발전소 (울산 울주) 최신 방사선량: 0.081 μSv/h
2024-10-18 19:30:37,226 INFO:새울발전소 (울산 울주) 방사선량 정상: 0.081 μSv/h
2024-10-18 19:30:38,226 INFO:텔레그램 메시지 전송 성공!
2024-10-18 22:30:40,684 INFO:월성발전소 (경북 경주) 최신 방사선량: 0.078 μSv/h
2024-10-18 22:30:40,686 INFO:월성발전소 (경북 경주) 방사선량 정상: 0.078 μSv/h
2024-10-18 22:30:40,686 INFO:고리발전소 (부산 기장) 최신 방사선량: 0.116 μSv/h
2024-10-18 22:30:40,687 INFO:고리발전소 (부산 기장) 방사선량 정상: 0.116 μSv/h
2024-10-18 22:30:40,688 INFO:한빛발전소 (전남 영광) 최신 방사선량: 0.092 μSv/h
2024-10-18 22:30:40,689 INFO:한빛발전소 (전남 영광) 방사선량 정상: 0.092 μSv/h
2024-10-18 22:30:40,690 INFO:한울발전소 (경북 울진) 최신 방사선량: 0.132 μSv/h
2024-10-18 22:30:40,691 INFO:한울발전소 (경북 울진) 방사선량 정상: 0.132 μSv/h
2024-10-18 22:30:40,691 INFO:새울발전소 (울산 울주) 최신 방사선량: 0.096 μSv/h
2024-10-18 22:30:40,692 INFO:새울발전소 (울산 울주) 방사선량 정상: 0.096 μSv/h
2024-10-18 22:30:41,724 INFO:텔레그램 메시지 전송 성공!
2024-10-19 01:30:42,938 INFO:월성발전소 (경북 경주) 최신 방사선량: 0.085 μSv/h
2024-10-19 01:30:42,939 INFO:월성발전소 (경북 경주) 방사선량 정상: 0.085 μSv/h
2024-10-19 01:30:42,940 INFO:고리발전소 (부산 기장) 최신 방사선량: 0.11 μSv/h
2024-10-19 01:30:42,941 INFO:고리발전소 (부산 기장) 방사선량 정상: 0.11 μSv/h
2024-10-19 01:30:42,942 INFO:한빛발전소 (전남 영광) 최신 방사선량: 0.11 μSv/h
2024-10-19 01:30:42,943 INFO:한빛발전소 (전남 영광) 방사선량 정상: 0.11 μSv/h
2024-10-19 01:30:42,943 INFO:한울발전소 (경북 울진) 최신 방사선량: 0.137 μSv/h
2024-10-19 01:30:42,944 INFO:한울발전소 (경북 울진) 방사선량 정상: 0.137 μSv/h
2024-10-19 01:30:42,945 INFO:새울발전소 (울산 울주) 최신 방사선량: 0.089 μSv/h
2024-10-19 01:30:42,946 INFO:새울발전소 (울산 울주) 방사선량 정상: 0.089 μSv/h
2024-10-19 01:30:43,890 INFO:텔레그램 메시지 전송 성공!
2024-10-19 04:30:45,008 INFO:월성발전소 (경북 경주) 최신 방사선량: 0.089 μSv/h
2024-10-19 04:30:45,010 INFO:월성발전소 (경북 경주) 방사선량 정상: 0.089 μSv/h
2024-10-19 04:30:45,011 INFO:고리발전소 (부산 기장) 최신 방사선량: 0.112 μSv/h
2024-10-19 04:30:45,012 INFO:고리발전소 (부산 기장) 방사선량 정상: 0.112 μSv/h
2024-10-19 04:30:45,012 INFO:한빛발전소 (전남 영광) 최신 방사선량: 0.095 μSv/h
2024-10-19 04:30:45,013 INFO:한빛발전소 (전남 영광) 방사선량 정상: 0.095 μSv/h
2024-10-19 04:30:45,014 INFO:한울발전소 (경북 울진) 최신 방사선량: 0.149 μSv/h
2024-10-19 04:30:45,015 INFO:한울발전소 (경북 울진) 방사선량 정상: 0.149 μSv/h
2024-10-19 04:30:45,015 INFO:새울발전소 (울산 울주) 최신 방사선량: 0.096 μSv/h
2024-10-19 04:30:45,016 INFO:새울발전소 (울산 울주) 방사선량 정상: 0.096 μSv/h
2024-10-19 04:30:45,946 INFO:텔레그램 메시지 전송 성공!
2024-10-19 07:30:47,046 INFO:월성발전소 (경북 경주) 최신 방사선량: 0.078 μSv/h
2024-10-19 07:30:47,047 INFO:월성발전소 (경북 경주) 방사선량 정상: 0.078 μSv/h
2024-10-19 07:30:47,048 INFO:고리발전소 (부산 기장) 최신 방사선량: 0.097 μSv/h
2024-10-19 07:30:47,049 INFO:고리발전소 (부산 기장) 방사선량 정상: 0.097 μSv/h
2024-10-19 07:30:47,050 INFO:한빛발전소 (전남 영광) 최신 방사선량: 0.093 μSv/h
2024-10-19 07:30:47,051 INFO:한빛발전소 (전남 영광) 방사선량 정상: 0.093 μSv/h
2024-10-19 07:30:47,051 INFO:한울발전소 (경북 울진) 최신 방사선량: 0.123 μSv/h
2024-10-19 07:30:47,052 INFO:한울발전소 (경북 울진) 방사선량 정상: 0.123 μSv/h
2024-10-19 07:30:47,053 INFO:새울발전소 (울산 울주) 최신 방사선량: 0.094 μSv/h
2024-10-19 07:30:47,054 INFO:새울발전소 (울산 울주) 방사선량 정상: 0.094 μSv/h
2024-10-19 07:30:47,974 INFO:텔레그램 메시지 전송 성공!
2024-10-19 10:30:49,033 INFO:월성발전소 (경북 경주) 최신 방사선량: 0.086 μSv/h
2024-10-19 10:30:49,035 INFO:월성발전소 (경북 경주) 방사선량 정상: 0.086 μSv/h
2024-10-19 10:30:49,035 INFO:고리발전소 (부산 기장) 최신 방사선량: 0.11 μSv/h
2024-10-19 10:30:49,036 INFO:고리발전소 (부산 기장) 방사선량 정상: 0.11 μSv/h
2024-10-19 10:30:49,037 INFO:한빛발전소 (전남 영광) 최신 방사선량: 0.101 μSv/h
2024-10-19 10:30:49,038 INFO:한빛발전소 (전남 영광) 방사선량 정상: 0.101 μSv/h
2024-10-19 10:30:49,039 INFO:한울발전소 (경북 울진) 최신 방사선량: 0.14 μSv/h
2024-10-19 10:30:49,040 INFO:한울발전소 (경북 울진) 방사선량 정상: 0.14 μSv/h
2024-10-19 10:30:49,040 INFO:새울발전소 (울산 울주) 최신 방사선량: 0.094 μSv/h
2024-10-19 10:30:49,041 INFO:새울발전소 (울산 울주) 방사선량 정상: 0.094 μSv/h
2024-10-19 10:30:50,487 INFO:텔레그램 메시지 전송 성공!
2024-10-19 13:30:51,616 INFO:월성발전소 (경북 경주) 최신 방사선량: 0.098 μSv/h
2024-10-19 13:30:51,618 INFO:월성발전소 (경북 경주) 방사선량 정상: 0.098 μSv/h
2024-10-19 13:30:51,618 INFO:고리발전소 (부산 기장) 최신 방사선량: 0.111 μSv/h
2024-10-19 13:30:51,619 INFO:고리발전소 (부산 기장) 방사선량 정상: 0.111 μSv/h
2024-10-19 13:30:51,620 INFO:한빛발전소 (전남 영광) 최신 방사선량: 0.102 μSv/h
2024-10-19 13:30:51,621 INFO:한빛발전소 (전남 영광) 방사선량 정상: 0.102 μSv/h
2024-10-19 13:30:51,622 INFO:한울발전소 (경북 울진) 최신 방사선량: 0.137 μSv/h
2024-10-19 13:30:51,623 INFO:한울발전소 (경북 울진) 방사선량 정상: 0.137 μSv/h
2024-10-19 13:30:51,623 INFO:새울발전소 (울산 울주) 최신 방사선량: 0.098 μSv/h
2024-10-19 13:30:51,624 INFO:새울발전소 (울산 울주) 방사선량 정상: 0.098 μSv/h
2024-10-19 13:30:52,565 INFO:텔레그램 메시지 전송 성공!
2024-10-19 16:30:53,671 INFO:월성발전소 (경북 경주) 최신 방사선량: 0.155 μSv/h
2024-10-19 16:30:53,672 INFO:월성발전소 (경북 경주) 방사선량 정상: 0.155 μSv/h
2024-10-19 16:30:53,673 INFO:고리발전소 (부산 기장) 최신 방사선량: 0.136 μSv/h
2024-10-19 16:30:53,674 INFO:고리발전소 (부산 기장) 방사선량 정상: 0.136 μSv/h
2024-10-19 16:30:53,674 INFO:한빛발전소 (전남 영광) 최신 방사선량: 0.1 μSv/h
2024-10-19 16:30:53,675 INFO:한빛발전소 (전남 영광) 방사선량 정상: 0.1 μSv/h
2024-10-19 16:30:53,675 INFO:한울발전소 (경북 울진) 최신 방사선량: 0.13 μSv/h
2024-10-19 16:30:53,676 INFO:한울발전소 (경북 울진) 방사선량 정상: 0.13 μSv/h
2024-10-19 16:30:53,677 INFO:새울발전소 (울산 울주) 최신 방사선량: 0.14 μSv/h
2024-10-19 16:30:53,678 INFO:새울발전소 (울산 울주) 방사선량 정상: 0.14 μSv/h
2024-10-19 16:30:54,628 INFO:텔레그램 메시지 전송 성공!
2024-10-19 19:30:55,782 INFO:월성발전소 (경북 경주) 최신 방사선량: 0.097 μSv/h
2024-10-19 19:30:55,783 INFO:월성발전소 (경북 경주) 방사선량 정상: 0.097 μSv/h
2024-10-19 19:30:55,784 INFO:고리발전소 (부산 기장) 최신 방사선량: 0.134 μSv/h
2024-10-19 19:30:55,785 INFO:고리발전소 (부산 기장) 방사선량 정상: 0.134 μSv/h
2024-10-19 19:30:55,786 INFO:한빛발전소 (전남 영광) 최신 방사선량: 0.102 μSv/h
2024-10-19 19:30:55,787 INFO:한빛발전소 (전남 영광) 방사선량 정상: 0.102 μSv/h
2024-10-19 19:30:55,787 INFO:한울발전소 (경북 울진) 최신 방사선량: 0.115 μSv/h
2024-10-19 19:30:55,788 INFO:한울발전소 (경북 울진) 방사선량 정상: 0.115 μSv/h
2024-10-19 19:30:55,789 INFO:새울발전소 (울산 울주) 최신 방사선량: 0.129 μSv/h
2024-10-19 19:30:55,790 INFO:새울발전소 (울산 울주) 방사선량 정상: 0.129 μSv/h
2024-10-19 19:30:56,733 INFO:텔레그램 메시지 전송 성공!
2024-10-19 22:30:57,823 INFO:월성발전소 (경북 경주) 최신 방사선량: 0.092 μSv/h
2024-10-19 22:30:57,825 INFO:월성발전소 (경북 경주) 방사선량 정상: 0.092 μSv/h
2024-10-19 22:30:57,825 INFO:고리발전소 (부산 기장) 최신 방사선량: 0.116 μSv/h
2024-10-19 22:30:57,826 INFO:고리발전소 (부산 기장) 방사선량 정상: 0.116 μSv/h
2024-10-19 22:30:57,827 INFO:한빛발전소 (전남 영광) 최신 방사선량: 0.099 μSv/h
2024-10-19 22:30:57,828 INFO:한빛발전소 (전남 영광) 방사선량 정상: 0.099 μSv/h
2024-10-19 22:30:57,828 INFO:한울발전소 (경북 울진) 최신 방사선량: 0.114 μSv/h
2024-10-19 22:30:57,829 INFO:한울발전소 (경북 울진) 방사선량 정상: 0.114 μSv/h
2024-10-19 22:30:57,830 INFO:새울발전소 (울산 울주) 최신 방사선량: 0.104 μSv/h
2024-10-19 22:30:57,831 INFO:새울발전소 (울산 울주) 방사선량 정상: 0.104 μSv/h
2024-10-19 22:30:58,779 INFO:텔레그램 메시지 전송 성공!
2024-10-20 01:30:59,841 INFO:월성발전소 (경북 경주) 최신 방사선량: 0.092 μSv/h
2024-10-20 01:30:59,843 INFO:월성발전소 (경북 경주) 방사선량 정상: 0.092 μSv/h
2024-10-20 01:30:59,843 INFO:고리발전소 (부산 기장) 최신 방사선량: 0.113 μSv/h
2024-10-20 01:30:59,844 INFO:고리발전소 (부산 기장) 방사선량 정상: 0.113 μSv/h
2024-10-20 01:30:59,845 INFO:한빛발전소 (전남 영광) 최신 방사선량: 0.102 μSv/h
2024-10-20 01:30:59,846 INFO:한빛발전소 (전남 영광) 방사선량 정상: 0.102 μSv/h
2024-10-20 01:30:59,847 INFO:한울발전소 (경북 울진) 최신 방사선량: 0.116 μSv/h
2024-10-20 01:30:59,848 INFO:한울발전소 (경북 울진) 방사선량 정상: 0.116 μSv/h
2024-10-20 01:30:59,848 INFO:새울발전소 (울산 울주) 최신 방사선량: 0.097 μSv/h
2024-10-20 01:30:59,849 INFO:새울발전소 (울산 울주) 방사선량 정상: 0.097 μSv/h
2024-10-20 01:31:00,796 INFO:텔레그램 메시지 전송 성공!
2024-10-20 04:31:01,886 INFO:월성발전소 (경북 경주) 최신 방사선량: 0.085 μSv/h
2024-10-20 04:31:01,888 INFO:월성발전소 (경북 경주) 방사선량 정상: 0.085 μSv/h
2024-10-20 04:31:01,889 INFO:고리발전소 (부산 기장) 최신 방사선량: 0.109 μSv/h
2024-10-20 04:31:01,890 INFO:고리발전소 (부산 기장) 방사선량 정상: 0.109 μSv/h
2024-10-20 04:31:01,890 INFO:한빛발전소 (전남 영광) 최신 방사선량: 0.106 μSv/h
2024-10-20 04:31:01,891 INFO:한빛발전소 (전남 영광) 방사선량 정상: 0.106 μSv/h
2024-10-20 04:31:01,892 INFO:한울발전소 (경북 울진) 최신 방사선량: 0.114 μSv/h
2024-10-20 04:31:01,893 INFO:한울발전소 (경북 울진) 방사선량 정상: 0.114 μSv/h
2024-10-20 04:31:01,894 INFO:새울발전소 (울산 울주) 최신 방사선량: 0.092 μSv/h
2024-10-20 04:31:01,895 INFO:새울발전소 (울산 울주) 방사선량 정상: 0.092 μSv/h
2024-10-20 04:31:02,836 INFO:텔레그램 메시지 전송 성공!
2024-10-20 07:31:04,063 INFO:월성발전소 (경북 경주) 최신 방사선량: 0.085 μSv/h
2024-10-20 07:31:04,065 INFO:월성발전소 (경북 경주) 방사선량 정상: 0.085 μSv/h
2024-10-20 07:31:04,065 INFO:고리발전소 (부산 기장) 최신 방사선량: 0.109 μSv/h
2024-10-20 07:31:04,066 INFO:고리발전소 (부산 기장) 방사선량 정상: 0.109 μSv/h
2024-10-20 07:31:04,067 INFO:한빛발전소 (전남 영광) 최신 방사선량: 0.091 μSv/h
2024-10-20 07:31:04,068 INFO:한빛발전소 (전남 영광) 방사선량 정상: 0.091 μSv/h
2024-10-20 07:31:04,068 INFO:한울발전소 (경북 울진) 최신 방사선량: 0.115 μSv/h
2024-10-20 07:31:04,069 INFO:한울발전소 (경북 울진) 방사선량 정상: 0.115 μSv/h
2024-10-20 07:31:04,070 INFO:새울발전소 (울산 울주) 최신 방사선량: 0.094 μSv/h
2024-10-20 07:31:04,071 INFO:새울발전소 (울산 울주) 방사선량 정상: 0.094 μSv/h
2024-10-20 07:31:05,031 INFO:텔레그램 메시지 전송 성공!
2024-10-20 10:31:06,209 INFO:월성발전소 (경북 경주) 최신 방사선량: 0.08 μSv/h
2024-10-20 10:31:06,210 INFO:월성발전소 (경북 경주) 방사선량 정상: 0.08 μSv/h
2024-10-20 10:31:06,211 INFO:고리발전소 (부산 기장) 최신 방사선량: 0.109 μSv/h
2024-10-20 10:31:06,212 INFO:고리발전소 (부산 기장) 방사선량 정상: 0.109 μSv/h
2024-10-20 10:31:06,213 INFO:한빛발전소 (전남 영광) 최신 방사선량: 0.092 μSv/h
2024-10-20 10:31:06,214 INFO:한빛발전소 (전남 영광) 방사선량 정상: 0.092 μSv/h
2024-10-20 10:31:06,214 INFO:한울발전소 (경북 울진) 최신 방사선량: 0.108 μSv/h
2024-10-20 10:31:06,215 INFO:한울발전소 (경북 울진) 방사선량 정상: 0.108 μSv/h
2024-10-20 10:31:06,216 INFO:새울발전소 (울산 울주) 최신 방사선량: 0.111 μSv/h
2024-10-20 10:31:06,217 INFO:새울발전소 (울산 울주) 방사선량 정상: 0.111 μSv/h
2024-10-20 10:31:07,164 INFO:텔레그램 메시지 전송 성공!
2024-10-20 13:31:08,293 INFO:월성발전소 (경북 경주) 최신 방사선량: 0.079 μSv/h
2024-10-20 13:31:08,295 INFO:월성발전소 (경북 경주) 방사선량 정상: 0.079 μSv/h
2024-10-20 13:31:08,295 INFO:고리발전소 (부산 기장) 최신 방사선량: 0.109 μSv/h
2024-10-20 13:31:08,296 INFO:고리발전소 (부산 기장) 방사선량 정상: 0.109 μSv/h
2024-10-20 13:31:08,297 INFO:한빛발전소 (전남 영광) 최신 방사선량: 0.091 μSv/h
2024-10-20 13:31:08,298 INFO:한빛발전소 (전남 영광) 방사선량 정상: 0.091 μSv/h
2024-10-20 13:31:08,298 INFO:한울발전소 (경북 울진) 최신 방사선량: 0.12 μSv/h
2024-10-20 13:31:08,300 INFO:한울발전소 (경북 울진) 방사선량 정상: 0.12 μSv/h
2024-10-20 13:31:08,300 INFO:새울발전소 (울산 울주) 최신 방사선량: 0.094 μSv/h
2024-10-20 13:31:08,301 INFO:새울발전소 (울산 울주) 방사선량 정상: 0.094 μSv/h
2024-10-20 13:31:09,237 INFO:텔레그램 메시지 전송 성공!
2024-10-20 16:31:10,410 INFO:월성발전소 (경북 경주) 최신 방사선량: 0.083 μSv/h
2024-10-20 16:31:10,411 INFO:월성발전소 (경북 경주) 방사선량 정상: 0.083 μSv/h
2024-10-20 16:31:10,412 INFO:고리발전소 (부산 기장) 최신 방사선량: 0.109 μSv/h
2024-10-20 16:31:10,413 INFO:고리발전소 (부산 기장) 방사선량 정상: 0.109 μSv/h
2024-10-20 16:31:10,414 INFO:한빛발전소 (전남 영광) 최신 방사선량: 0.098 μSv/h
2024-10-20 16:31:10,415 INFO:한빛발전소 (전남 영광) 방사선량 정상: 0.098 μSv/h
2024-10-20 16:31:10,415 INFO:한울발전소 (경북 울진) 최신 방사선량: 0.119 μSv/h
2024-10-20 16:31:10,416 INFO:한울발전소 (경북 울진) 방사선량 정상: 0.119 μSv/h
2024-10-20 16:31:10,417 INFO:새울발전소 (울산 울주) 최신 방사선량: 0.093 μSv/h
2024-10-20 16:31:10,418 INFO:새울발전소 (울산 울주) 방사선량 정상: 0.093 μSv/h
2024-10-20 16:31:11,356 INFO:텔레그램 메시지 전송 성공!
2024-10-20 19:31:12,545 INFO:월성발전소 (경북 경주) 최신 방사선량: 0.086 μSv/h
2024-10-20 19:31:12,547 INFO:월성발전소 (경북 경주) 방사선량 정상: 0.086 μSv/h
2024-10-20 19:31:12,548 INFO:고리발전소 (부산 기장) 최신 방사선량: 0.109 μSv/h
2024-10-20 19:31:12,549 INFO:고리발전소 (부산 기장) 방사선량 정상: 0.109 μSv/h
2024-10-20 19:31:12,549 INFO:한빛발전소 (전남 영광) 최신 방사선량: 0.098 μSv/h
2024-10-20 19:31:12,550 INFO:한빛발전소 (전남 영광) 방사선량 정상: 0.098 μSv/h
2024-10-20 19:31:12,551 INFO:한울발전소 (경북 울진) 최신 방사선량: 0.113 μSv/h
2024-10-20 19:31:12,552 INFO:한울발전소 (경북 울진) 방사선량 정상: 0.113 μSv/h
2024-10-20 19:31:12,552 INFO:새울발전소 (울산 울주) 최신 방사선량: 0.094 μSv/h
2024-10-20 19:31:12,553 INFO:새울발전소 (울산 울주) 방사선량 정상: 0.094 μSv/h
2024-10-20 19:31:13,483 INFO:텔레그램 메시지 전송 성공!
2024-10-20 22:31:14,636 INFO:월성발전소 (경북 경주) 최신 방사선량: 0.083 μSv/h
2024-10-20 22:31:14,637 INFO:월성발전소 (경북 경주) 방사선량 정상: 0.083 μSv/h
2024-10-20 22:31:14,638 INFO:고리발전소 (부산 기장) 최신 방사선량: 0.109 μSv/h
2024-10-20 22:31:14,639 INFO:고리발전소 (부산 기장) 방사선량 정상: 0.109 μSv/h
2024-10-20 22:31:14,640 INFO:한빛발전소 (전남 영광) 최신 방사선량: 0.101 μSv/h
2024-10-20 22:31:14,641 INFO:한빛발전소 (전남 영광) 방사선량 정상: 0.101 μSv/h
2024-10-20 22:31:14,641 INFO:한울발전소 (경북 울진) 최신 방사선량: 0.113 μSv/h
2024-10-20 22:31:14,642 INFO:한울발전소 (경북 울진) 방사선량 정상: 0.113 μSv/h
2024-10-20 22:31:14,643 INFO:새울발전소 (울산 울주) 최신 방사선량: 0.095 μSv/h
2024-10-20 22:31:14,644 INFO:새울발전소 (울산 울주) 방사선량 정상: 0.095 μSv/h
2024-10-20 22:31:15,603 INFO:텔레그램 메시지 전송 성공!
2024-10-21 01:31:16,766 INFO:월성발전소 (경북 경주) 최신 방사선량: 0.086 μSv/h
2024-10-21 01:31:16,767 INFO:월성발전소 (경북 경주) 방사선량 정상: 0.086 μSv/h
2024-10-21 01:31:16,768 INFO:고리발전소 (부산 기장) 최신 방사선량: 0.109 μSv/h
2024-10-21 01:31:16,769 INFO:고리발전소 (부산 기장) 방사선량 정상: 0.109 μSv/h
2024-10-21 01:31:16,770 INFO:한빛발전소 (전남 영광) 최신 방사선량: 0.098 μSv/h
2024-10-21 01:31:16,771 INFO:한빛발전소 (전남 영광) 방사선량 정상: 0.098 μSv/h
2024-10-21 01:31:16,771 INFO:한울발전소 (경북 울진) 최신 방사선량: 0.113 μSv/h
2024-10-21 01:31:16,772 INFO:한울발전소 (경북 울진) 방사선량 정상: 0.113 μSv/h
2024-10-21 01:31:16,773 INFO:새울발전소 (울산 울주) 최신 방사선량: 0.095 μSv/h
2024-10-21 01:31:16,774 INFO:새울발전소 (울산 울주) 방사선량 정상: 0.095 μSv/h
2024-10-21 01:31:17,777 INFO:텔레그램 메시지 전송 성공!
2024-10-21 04:31:18,918 INFO:월성발전소 (경북 경주) 최신 방사선량: 0.085 μSv/h
2024-10-21 04:31:18,920 INFO:월성발전소 (경북 경주) 방사선량 정상: 0.085 μSv/h
2024-10-21 04:31:18,920 INFO:고리발전소 (부산 기장) 최신 방사선량: 0.109 μSv/h
2024-10-21 04:31:18,921 INFO:고리발전소 (부산 기장) 방사선량 정상: 0.109 μSv/h
2024-10-21 04:31:18,922 INFO:한빛발전소 (전남 영광) 최신 방사선량: 0.101 μSv/h
2024-10-21 04:31:18,923 INFO:한빛발전소 (전남 영광) 방사선량 정상: 0.101 μSv/h
2024-10-21 04:31:18,924 INFO:한울발전소 (경북 울진) 최신 방사선량: 0.111 μSv/h
2024-10-21 04:31:18,925 INFO:한울발전소 (경북 울진) 방사선량 정상: 0.111 μSv/h
2024-10-21 04:31:18,925 INFO:새울발전소 (울산 울주) 최신 방사선량: 0.093 μSv/h
2024-10-21 04:31:18,926 INFO:새울발전소 (울산 울주) 방사선량 정상: 0.093 μSv/h
2024-10-21 04:31:19,859 INFO:텔레그램 메시지 전송 성공!
2024-10-21 07:02:16,128 INFO:스크립트 실행 후 3시간마다 방사선 데이터를 확인하는 스케줄을 시작합니다.
2024-10-21 07:02:16,139 INFO:월성발전소 (경북 경주) 최신 방사선량: 0.085 μSv/h
2024-10-21 07:02:16,141 INFO:월성발전소 (경북 경주) 방사선량 정상: 0.085 μSv/h
2024-10-21 07:02:16,141 INFO:고리발전소 (부산 기장) 최신 방사선량: 0.111 μSv/h
2024-10-21 07:02:16,142 INFO:고리발전소 (부산 기장) 방사선량 정상: 0.111 μSv/h
2024-10-21 07:02:16,143 INFO:한빛발전소 (전남 영광) 최신 방사선량: 0.1 μSv/h
2024-10-21 07:02:16,144 INFO:한빛발전소 (전남 영광) 방사선량 정상: 0.1 μSv/h
2024-10-21 07:02:16,145 INFO:한울발전소 (경북 울진) 최신 방사선량: 0.115 μSv/h
2024-10-21 07:02:16,146 INFO:한울발전소 (경북 울진) 방사선량 정상: 0.115 μSv/h
2024-10-21 07:02:16,146 INFO:새울발전소 (울산 울주) 최신 방사선량: 0.093 μSv/h
2024-10-21 07:02:16,147 INFO:새울발전소 (울산 울주) 방사선량 정상: 0.093 μSv/h
2024-10-21 07:02:17,087 INFO:텔레그램 메시지 전송 성공!
2024-10-21 07:25:29,734 INFO:스크립트 실행 후 3시간마다 방사선 데이터를 확인하는 스케줄을 시작합니다.
2024-10-21 07:25:29,743 INFO:월성발전소 (경북 경주) 최신 방사선량: 0.087 μSv/h
2024-10-21 07:25:29,744 INFO:월성발전소 (경북 경주) 방사선량 정상: 0.087 μSv/h
2024-10-21 07:25:29,745 INFO:고리발전소 (부산 기장) 최신 방사선량: 0.109 μSv/h
2024-10-21 07:25:29,746 INFO:고리발전소 (부산 기장) 방사선량 정상: 0.109 μSv/h
2024-10-21 07:25:29,747 INFO:한빛발전소 (전남 영광) 최신 방사선량: 0.092 μSv/h
2024-10-21 07:25:29,748 INFO:한빛발전소 (전남 영광) 기준값 초과 알림 전송 완료.
2024-10-21 07:25:29,748 INFO:한울발전소 (경북 울진) 최신 방사선량: 0.112 μSv/h
2024-10-21 07:25:29,749 INFO:한울발전소 (경북 울진) 방사선량 정상: 0.112 μSv/h
2024-10-21 07:25:29,750 INFO:새울발전소 (울산 울주) 최신 방사선량: 0.112 μSv/h
2024-10-21 07:25:29,751 INFO:새울발전소 (울산 울주) 방사선량 정상: 0.112 μSv/h
2024-10-21 07:25:30,703 INFO:텔레그램 메시지 전송 성공!
2024-10-21 08:09:00,830 INFO:스크립트 실행 후 3시간마다 방사선 데이터를 확인하는 스케줄을 시작합니다.
2024-10-21 08:09:00,840 INFO:월성발전소 (경북 경주) 최신 방사선량: 0.079 μSv/h
2024-10-21 08:09:00,841 WARNING:월성발전소 (경북 경주)의 평균값을 찾을 수 없습니다.
2024-10-21 08:09:00,841 INFO:고리발전소 (부산 기장) 최신 방사선량: 0.107 μSv/h
2024-10-21 08:09:00,842 WARNING:고리발전소 (부산 기장)의 평균값을 찾을 수 없습니다.
2024-10-21 08:09:00,842 INFO:한빛발전소 (전남 영광) 최신 방사선량: 0.092 μSv/h
2024-10-21 08:09:00,843 WARNING:한빛발전소 (전남 영광)의 평균값을 찾을 수 없습니다.
2024-10-21 08:09:00,843 INFO:한울발전소 (경북 울진) 최신 방사선량: 0.111 μSv/h
2024-10-21 08:09:00,844 WARNING:한울발전소 (경북 울진)의 평균값을 찾을 수 없습니다.
2024-10-21 08:09:00,844 INFO:새울발전소 (울산 울주) 최신 방사선량: 0.11 μSv/h
2024-10-21 08:09:00,845 WARNING:새울발전소 (울산 울주)의 평균값을 찾을 수 없습니다.
2024-10-21 08:09:01,814 INFO:텔레그램 메시지 전송 성공!
2024-10-21 08:10:38,910 INFO:스크립트 실행 후 3시간마다 방사선 데이터를 확인하는 스케줄을 시작합니다.
2024-10-21 08:10:38,921 INFO:월성발전소 (경북 경주) 최신 방사선량: 0.079 μSv/h
2024-10-21 08:10:38,922 INFO:월성발전소 (경북 경주) 방사선량 정상: 0.079 μSv/h
2024-10-21 08:10:38,923 INFO:고리발전소 (부산 기장) 최신 방사선량: 0.107 μSv/h
2024-10-21 08:10:38,924 INFO:고리발전소 (부산 기장) 방사선량 정상: 0.107 μSv/h
2024-10-21 08:10:38,924 INFO:한빛발전소 (전남 영광) 최신 방사선량: 0.092 μSv/h
2024-10-21 08:10:38,925 INFO:한빛발전소 (전남 영광) 방사선량 정상: 0.092 μSv/h
2024-10-21 08:10:38,926 INFO:한울발전소 (경북 울진) 최신 방사선량: 0.111 μSv/h
2024-10-21 08:10:38,927 INFO:한울발전소 (경북 울진) 방사선량 정상: 0.111 μSv/h
2024-10-21 08:10:38,927 INFO:새울발전소 (울산 울주) 최신 방사선량: 0.11 μSv/h
2024-10-21 08:10:38,929 INFO:새울발전소 (울산 울주) 방사선량 정상: 0.11 μSv/h
2024-10-21 08:10:39,820 INFO:텔레그램 메시지 전송 성공!
2024-10-21 08:11:47,000 INFO:스크립트 실행 후 3시간마다 방사선 데이터를 확인하는 스케줄을 시작합니다.
2024-10-21 08:11:47,009 INFO:월성발전소 (경북 경주) 최신 방사선량: 0.079 μSv/h
2024-10-21 08:11:47,010 INFO:월성발전소 (경북 경주) 방사선량 정상: 0.079 μSv/h
2024-10-21 08:11:47,011 INFO:고리발전소 (부산 기장) 최신 방사선량: 0.107 μSv/h
2024-10-21 08:11:47,012 INFO:고리발전소 (부산 기장) 방사선량 정상: 0.107 μSv/h
2024-10-21 08:11:47,013 INFO:한빛발전소 (전남 영광) 최신 방사선량: 0.092 μSv/h
2024-10-21 08:11:47,014 INFO:한빛발전소 (전남 영광) 방사선량 정상: 0.092 μSv/h
2024-10-21 08:11:47,015 INFO:한울발전소 (경북 울진) 최신 방사선량: 0.111 μSv/h
2024-10-21 08:11:47,016 INFO:한울발전소 (경북 울진) 방사선량 정상: 0.111 μSv/h
2024-10-21 08:11:47,016 INFO:새울발전소 (울산 울주) 최신 방사선량: 0.11 μSv/h
2024-10-21 08:11:47,017 INFO:새울발전소 (울산 울주) 방사선량 정상: 0.11 μSv/h
2024-10-21 08:11:47,908 INFO:텔레그램 메시지 전송 성공!
2024-10-21 11:11:49,328 INFO:월성발전소 (경북 경주) 최신 방사선량: 0.079 μSv/h
2024-10-21 11:11:49,330 INFO:월성발전소 (경북 경주) 방사선량 정상: 0.079 μSv/h
2024-10-21 11:11:49,331 INFO:고리발전소 (부산 기장) 최신 방사선량: 0.105 μSv/h
2024-10-21 11:11:49,332 INFO:고리발전소 (부산 기장) 방사선량 정상: 0.105 μSv/h
2024-10-21 11:11:49,332 INFO:한빛발전소 (전남 영광) 최신 방사선량: 0.099 μSv/h
2024-10-21 11:11:49,333 INFO:한빛발전소 (전남 영광) 방사선량 정상: 0.099 μSv/h
2024-10-21 11:11:49,334 INFO:한울발전소 (경북 울진) 최신 방사선량: 0.117 μSv/h
2024-10-21 11:11:49,335 INFO:한울발전소 (경북 울진) 방사선량 정상: 0.117 μSv/h
2024-10-21 11:11:49,335 INFO:새울발전소 (울산 울주) 최신 방사선량: 0.095 μSv/h
2024-10-21 11:11:49,336 INFO:새울발전소 (울산 울주) 방사선량 정상: 0.095 μSv/h
2024-10-21 11:11:50,281 INFO:텔레그램 메시지 전송 성공!
